# JRE version: Java(TM) SE Runtime Environment (14.0.1+7) (build 14.0.1+7)
# Java VM: Java HotSpot(TM) 64-Bit Server VM (14.0.1+7, mixed mode, sharing, tiered, compressed oops, g1 gc, windows-amd64)
Heap:
 garbage-first heap   total 132096K, used 24668K [0x0000000702600000, 0x0000000800000000)
  region size 1024K, 3 young (3072K), 3 survivors (3072K)
 Metaspace       used 47521K, capacity 48804K, committed 49024K, reserved 1091584K
  class space    used 5695K, capacity 6188K, committed 6272K, reserved 1048576K
GC Heap History (20 events):
Event: 4.793 GC heap after
{Heap after GC invocations=11 (full 0):
 garbage-first heap   total 160768K, used 17735K [0x0000000702600000, 0x0000000800000000)
  region size 1024K, 7 young (7168K), 7 survivors (7168K)
 Metaspace       used 31387K, capacity 32406K, committed 32640K, reserved 1077248K
  class space    used 3549K, capacity 3938K, committed 3968K, reserved 1048576K
}
Event: 5.255 GC heap before
{Heap before GC invocations=11 (full 0):
 garbage-first heap   total 160768K, used 80199K [0x0000000702600000, 0x0000000800000000)
  region size 1024K, 69 young (70656K), 7 survivors (7168K)
 Metaspace       used 34751K, capacity 35773K, committed 35840K, reserved 1081344K
  class space    used 4087K, capacity 4476K, committed 4480K, reserved 1048576K
}
Event: 5.263 GC heap after
{Heap after GC invocations=12 (full 0):
 garbage-first heap   total 160768K, used 19023K [0x0000000702600000, 0x0000000800000000)
  region size 1024K, 7 young (7168K), 7 survivors (7168K)
 Metaspace       used 34751K, capacity 35773K, committed 35840K, reserved 1081344K
  class space    used 4087K, capacity 4476K, committed 4480K, reserved 1048576K
}
Event: 5.532 GC heap before
{Heap before GC invocations=13 (full 0):
 garbage-first heap   total 75776K, used 59983K [0x0000000702600000, 0x0000000800000000)
  region size 1024K, 47 young (48128K), 7 survivors (7168K)
 Metaspace       used 36467K, capacity 37487K, committed 37632K, reserved 1081344K
  class space    used 4382K, capacity 4766K, committed 4864K, reserved 1048576K
}
Event: 5.541 GC heap after
{Heap after GC invocations=14 (full 0):
 garbage-first heap   total 91136K, used 19193K [0x0000000702600000, 0x0000000800000000)
  region size 1024K, 4 young (4096K), 4 survivors (4096K)
 Metaspace       used 36467K, capacity 37487K, committed 37632K, reserved 1081344K
  class space    used 4382K, capacity 4766K, committed 4864K, reserved 1048576K
}
Event: 5.849 GC heap before
{Heap before GC invocations=14 (full 0):
 garbage-first heap   total 91136K, used 69369K [0x0000000702600000, 0x0000000800000000)
  region size 1024K, 53 young (54272K), 4 survivors (4096K)
 Metaspace       used 38527K, capacity 39712K, committed 40064K, reserved 1083392K
  class space    used 4686K, capacity 5136K, committed 5248K, reserved 1048576K
}
Event: 5.859 GC heap after
{Heap after GC invocations=15 (full 0):
 garbage-first heap   total 91136K, used 20073K [0x0000000702600000, 0x0000000800000000)
  region size 1024K, 5 young (5120K), 5 survivors (5120K)
 Metaspace       used 38527K, capacity 39712K, committed 40064K, reserved 1083392K
  class space    used 4686K, capacity 5136K, committed 5248K, reserved 1048576K
}
Event: 6.240 GC heap before
{Heap before GC invocations=15 (full 0):
 garbage-first heap   total 91136K, used 69225K [0x0000000702600000, 0x0000000800000000)
  region size 1024K, 53 young (54272K), 5 survivors (5120K)
 Metaspace       used 40351K, capacity 41588K, committed 41856K, reserved 1085440K
  class space    used 4917K, capacity 5396K, committed 5504K, reserved 1048576K
}
Event: 6.248 GC heap after
{Heap after GC invocations=16 (full 0):
 garbage-first heap   total 91136K, used 21502K [0x0000000702600000, 0x0000000800000000)
  region size 1024K, 5 young (5120K), 5 survivors (5120K)
 Metaspace       used 40351K, capacity 41588K, committed 41856K, reserved 1085440K
  class space    used 4917K, capacity 5396K, committed 5504K, reserved 1048576K
}
Event: 6.529 GC heap before
{Heap before GC invocations=16 (full 0):
 garbage-first heap   total 91136K, used 69630K [0x0000000702600000, 0x0000000800000000)
  region size 1024K, 53 young (54272K), 5 survivors (5120K)
 Metaspace       used 42797K, capacity 44026K, committed 44160K, reserved 1087488K
  class space    used 5191K, capacity 5674K, committed 5760K, reserved 1048576K
}
Event: 6.536 GC heap after
{Heap after GC invocations=17 (full 0):
 garbage-first heap   total 91136K, used 22144K [0x0000000702600000, 0x0000000800000000)
  region size 1024K, 4 young (4096K), 4 survivors (4096K)
 Metaspace       used 42797K, capacity 44026K, committed 44160K, reserved 1087488K
  class space    used 5191K, capacity 5674K, committed 5760K, reserved 1048576K
}
Event: 6.756 GC heap before
{Heap before GC invocations=17 (full 0):
 garbage-first heap   total 91136K, used 72320K [0x0000000702600000, 0x0000000800000000)
  region size 1024K, 53 young (54272K), 4 survivors (4096K)
 Metaspace       used 45281K, capacity 46512K, committed 46720K, reserved 1089536K
  class space    used 5537K, capacity 6013K, committed 6016K, reserved 1048576K
}
Event: 6.764 GC heap after
{Heap after GC invocations=18 (full 0):
 garbage-first heap   total 109568K, used 23411K [0x0000000702600000, 0x0000000800000000)
  region size 1024K, 5 young (5120K), 5 survivors (5120K)
 Metaspace       used 45281K, capacity 46512K, committed 46720K, reserved 1089536K
  class space    used 5537K, capacity 6013K, committed 6016K, reserved 1048576K
}
Event: 9.109 GC heap before
{Heap before GC invocations=18 (full 0):
 garbage-first heap   total 109568K, used 83827K [0x0000000702600000, 0x0000000800000000)
  region size 1024K, 64 young (65536K), 5 survivors (5120K)
 Metaspace       used 46862K, capacity 48157K, committed 48256K, reserved 1091584K
  class space    used 5686K, capacity 6174K, committed 6272K, reserved 1048576K
}
Event: 9.117 GC heap after
{Heap after GC invocations=19 (full 0):
 garbage-first heap   total 109568K, used 24590K [0x0000000702600000, 0x0000000800000000)
  region size 1024K, 5 young (5120K), 5 survivors (5120K)
 Metaspace       used 46862K, capacity 48157K, committed 48256K, reserved 1091584K
  class space    used 5686K, capacity 6174K, committed 6272K, reserved 1048576K
}
Event: 9.604 GC heap before
{Heap before GC invocations=19 (full 0):
 garbage-first heap   total 109568K, used 85006K [0x0000000702600000, 0x0000000800000000)
  region size 1024K, 64 young (65536K), 5 survivors (5120K)
 Metaspace       used 47195K, capacity 48419K, committed 48768K, reserved 1091584K
  class space    used 5687K, capacity 6175K, committed 6272K, reserved 1048576K
}
Event: 9.612 GC heap after
{Heap after GC invocations=20 (full 0):
 garbage-first heap   total 109568K, used 26551K [0x0000000702600000, 0x0000000800000000)
  region size 1024K, 6 young (6144K), 6 survivors (6144K)
 Metaspace       used 47195K, capacity 48419K, committed 48768K, reserved 1091584K
  class space    used 5687K, capacity 6175K, committed 6272K, reserved 1048576K
}
Event: 11.037 GC heap before
{Heap before GC invocations=20 (full 0):
 garbage-first heap   total 109568K, used 85943K [0x0000000702600000, 0x0000000800000000)
  region size 1024K, 64 young (65536K), 6 survivors (6144K)
 Metaspace       used 47391K, capacity 48641K, committed 48768K, reserved 1091584K
  class space    used 5690K, capacity 6180K, committed 6272K, reserved 1048576K
}
Event: 11.044 GC heap after
{Heap after GC invocations=21 (full 0):
 garbage-first heap   total 109568K, used 25468K [0x0000000702600000, 0x0000000800000000)
  region size 1024K, 4 young (4096K), 4 survivors (4096K)
 Metaspace       used 47391K, capacity 48641K, committed 48768K, reserved 1091584K
  class space    used 5690K, capacity 6180K, committed 6272K, reserved 1048576K
}
Event: 12.384 GC heap before
{Heap before GC invocations=21 (full 0):
 garbage-first heap   total 109568K, used 86908K [0x0000000702600000, 0x0000000800000000)
  region size 1024K, 64 young (65536K), 4 survivors (4096K)
 Metaspace       used 47521K, capacity 48804K, committed 49024K, reserved 1091584K
  class space    used 5695K, capacity 6188K, committed 6272K, reserved 1048576K
}

